25-03-2022 10:35:53 INFO  Runer:19 - loading the driver 
25-03-2022 10:35:53 INFO  Runer:19 - hitting the url
25-03-2022 10:36:05 INFO  Nobrokermain:19 - clicking the login button
25-03-2022 10:36:05 INFO  Nobrokermain:19 - entering the phone number
25-03-2022 10:36:05 INFO  Nobrokermain:19 - clicking on i have password
25-03-2022 10:36:06 INFO  Nobrokermain:19 - entering the password
25-03-2022 10:36:08 INFO  Nobrokermain:19 - clicking on sigin
25-03-2022 10:36:17 INFO  Runer:19 - loading the driver 
25-03-2022 10:36:17 INFO  Runer:19 - hitting the url
25-03-2022 10:36:21 INFO  Nobrokermain:19 - clicking the login button
25-03-2022 10:36:21 INFO  Nobrokermain:19 - entering the phone number
25-03-2022 10:36:21 INFO  Nobrokermain:19 - clicking on i have password
25-03-2022 10:36:21 INFO  Nobrokermain:19 - entering the wrong password
25-03-2022 10:36:23 INFO  Nobrokermain:19 - clicking on sigin
25-03-2022 10:36:28 INFO  Runer:19 - loading the driver 
25-03-2022 10:36:28 INFO  Runer:19 - hitting the url
25-03-2022 10:36:32 INFO  Nobrokermain:19 - clicking on buy
25-03-2022 10:36:32 INFO  Nobrokermain:19 - selecting the location dropdown
25-03-2022 10:36:32 INFO  Nobrokermain:19 - selecting the location
25-03-2022 10:36:33 INFO  Nobrokermain:19 - clicking on apartment type dropdown
25-03-2022 10:36:33 INFO  Nobrokermain:19 - selecting the apartment types
25-03-2022 10:36:33 INFO  Nobrokermain:19 - clicking on propertystatus type dropdown
25-03-2022 10:36:33 INFO  Nobrokermain:19 - clicking on search
25-03-2022 10:36:33 INFO  Nobrokermain:19 - sending the  information
25-03-2022 10:36:36 INFO  Nobrokermain:19 - clicking on search
25-03-2022 10:36:37 INFO  Runer:19 - loading the driver 
25-03-2022 10:36:37 INFO  Runer:19 - hitting the url
25-03-2022 10:36:55 INFO  Nobrokermain:19 - clicking on buy
25-03-2022 10:36:55 INFO  Nobrokermain:19 - selecting the location dropdown
25-03-2022 10:36:55 INFO  Nobrokermain:19 - selecting the banglore location
25-03-2022 10:36:55 INFO  Nobrokermain:19 - clicking on apartment type dropdown
25-03-2022 10:36:55 INFO  Nobrokermain:19 - selecting the apartment types 2BHk 3BHK
25-03-2022 10:36:56 INFO  Nobrokermain:19 - clicking on propertystatus type dropdown and selecting under construction
25-03-2022 10:36:56 INFO  Nobrokermain:19 - clicking on search
25-03-2022 10:36:56 INFO  Nobrokermain:19 - sending the information
25-03-2022 10:36:58 INFO  Nobrokermain:19 - clicking on search
25-03-2022 10:37:03 INFO  Runer:19 - loading the driver 
25-03-2022 10:37:03 INFO  Runer:19 - hitting the url
25-03-2022 10:37:07 INFO  Nobrokermain:19 - clicking on Rent
25-03-2022 10:37:08 INFO  Nobrokermain:19 - selecting the location dropdown
25-03-2022 10:37:08 INFO  Nobrokermain:19 - selecting the chennai location
25-03-2022 10:37:08 INFO  Nobrokermain:19 - clicking on availbility
25-03-2022 10:37:10 INFO  Nobrokermain:19 - clicking on apartment type dropdown
25-03-2022 10:37:10 INFO  Nobrokermain:19 - selecting the apartment types 2BHk 3BHK
25-03-2022 10:37:11 INFO  Nobrokermain:19 - clicking on search
25-03-2022 10:37:11 INFO  Nobrokermain:19 - sending the information pondybazar
25-03-2022 10:37:13 INFO  Nobrokermain:19 - sending the information velacherry
25-03-2022 10:40:40 INFO  Runer:19 - loading the driver 
25-03-2022 10:40:40 INFO  Runer:19 - hitting the url
25-03-2022 10:40:44 INFO  Nobrokermain:19 - clicking the login button
25-03-2022 10:40:45 INFO  Nobrokermain:19 - entering the phone number
25-03-2022 10:40:45 INFO  Nobrokermain:19 - clicking on i have password
25-03-2022 10:40:45 INFO  Nobrokermain:19 - entering the password
25-03-2022 10:40:47 INFO  Nobrokermain:19 - clicking on sigin
25-03-2022 10:40:48 INFO  Runer:19 - loading the driver 
25-03-2022 10:40:48 INFO  Runer:19 - hitting the url
25-03-2022 10:40:56 INFO  Nobrokermain:19 - clicking the login button
25-03-2022 10:40:56 INFO  Nobrokermain:19 - entering the phone number
25-03-2022 10:40:57 INFO  Nobrokermain:19 - clicking on i have password
25-03-2022 10:40:57 INFO  Nobrokermain:19 - entering the wrong password
25-03-2022 10:40:59 INFO  Nobrokermain:19 - clicking on sigin
25-03-2022 10:41:03 INFO  Runer:19 - loading the driver 
25-03-2022 10:41:03 INFO  Runer:19 - hitting the url
25-03-2022 10:41:07 INFO  Nobrokermain:19 - clicking on buy
25-03-2022 10:41:07 INFO  Nobrokermain:19 - selecting the location dropdown
25-03-2022 10:41:08 INFO  Nobrokermain:19 - selecting the location
25-03-2022 10:41:08 INFO  Nobrokermain:19 - clicking on apartment type dropdown
25-03-2022 10:41:08 INFO  Nobrokermain:19 - selecting the apartment types
25-03-2022 10:41:08 INFO  Nobrokermain:19 - clicking on propertystatus type dropdown
25-03-2022 10:41:08 INFO  Nobrokermain:19 - clicking on search
25-03-2022 10:41:08 INFO  Nobrokermain:19 - sending the  information
25-03-2022 10:41:10 INFO  Nobrokermain:19 - clicking on search
25-03-2022 10:41:15 INFO  Runer:19 - loading the driver 
25-03-2022 10:41:15 INFO  Runer:19 - hitting the url
25-03-2022 10:41:29 INFO  Nobrokermain:19 - clicking on buy
25-03-2022 10:41:29 INFO  Nobrokermain:19 - selecting the location dropdown
25-03-2022 10:41:29 INFO  Nobrokermain:19 - selecting the banglore location
25-03-2022 10:41:29 INFO  Nobrokermain:19 - clicking on apartment type dropdown
25-03-2022 10:41:29 INFO  Nobrokermain:19 - selecting the apartment types 2BHk 3BHK
25-03-2022 10:41:29 INFO  Nobrokermain:19 - clicking on propertystatus type dropdown and selecting under construction
25-03-2022 10:41:30 INFO  Nobrokermain:19 - clicking on search
25-03-2022 10:41:30 INFO  Nobrokermain:19 - sending the information
25-03-2022 10:41:32 INFO  Nobrokermain:19 - clicking on search
25-03-2022 10:41:36 INFO  Runer:19 - loading the driver 
25-03-2022 10:41:36 INFO  Runer:19 - hitting the url
25-03-2022 10:41:41 INFO  Nobrokermain:19 - clicking on Rent
25-03-2022 10:41:41 INFO  Nobrokermain:19 - selecting the location dropdown
25-03-2022 10:41:41 INFO  Nobrokermain:19 - selecting the chennai location
25-03-2022 10:41:41 INFO  Nobrokermain:19 - clicking on availbility
25-03-2022 10:41:44 INFO  Nobrokermain:19 - clicking on apartment type dropdown
25-03-2022 10:41:44 INFO  Nobrokermain:19 - selecting the apartment types 2BHk 3BHK
25-03-2022 10:41:44 INFO  Nobrokermain:19 - clicking on search
25-03-2022 10:41:44 INFO  Nobrokermain:19 - sending the information pondybazar
25-03-2022 10:41:46 INFO  Nobrokermain:19 - sending the information velacherry
26-03-2022 12:38:38 INFO  Runer:19 - loading the driver 
26-03-2022 12:38:38 INFO  Runer:19 - hitting the url
26-03-2022 12:38:56 INFO  Nobrokermain:19 - clicking the login button
26-03-2022 12:38:56 INFO  Nobrokermain:19 - entering the phone number
26-03-2022 12:38:56 INFO  Nobrokermain:19 - clicking on i have password
26-03-2022 12:38:58 INFO  Nobrokermain:19 - entering the password
26-03-2022 12:39:00 INFO  Nobrokermain:19 - clicking on sigin
26-03-2022 12:39:05 INFO  Runer:19 - loading the driver 
26-03-2022 12:39:05 INFO  Runer:19 - hitting the url
26-03-2022 12:39:22 INFO  Nobrokermain:19 - clicking the login button
26-03-2022 12:39:22 INFO  Nobrokermain:19 - entering the phone number
26-03-2022 12:39:22 INFO  Nobrokermain:19 - clicking on i have password
26-03-2022 12:39:23 INFO  Nobrokermain:19 - entering the wrong password
26-03-2022 12:39:25 INFO  Nobrokermain:19 - clicking on sigin
26-03-2022 12:39:29 INFO  Runer:19 - loading the driver 
26-03-2022 12:39:29 INFO  Runer:19 - hitting the url
26-03-2022 12:39:34 INFO  Nobrokermain:19 - clicking on buy
26-03-2022 12:39:35 INFO  Nobrokermain:19 - selecting the location dropdown
26-03-2022 12:39:35 INFO  Nobrokermain:19 - selecting the location
26-03-2022 12:39:36 INFO  Nobrokermain:19 - clicking on apartment type dropdown
26-03-2022 12:39:36 INFO  Nobrokermain:19 - selecting the apartment types
26-03-2022 12:39:36 INFO  Nobrokermain:19 - clicking on propertystatus type dropdown
26-03-2022 12:39:36 INFO  Nobrokermain:19 - clicking on search
26-03-2022 12:39:36 INFO  Nobrokermain:19 - sending the  information
26-03-2022 12:39:39 INFO  Nobrokermain:19 - clicking on search
26-03-2022 12:39:43 INFO  Runer:19 - loading the driver 
26-03-2022 12:39:43 INFO  Runer:19 - hitting the url
26-03-2022 12:39:47 INFO  Nobrokermain:19 - clicking on buy
26-03-2022 12:39:47 INFO  Nobrokermain:19 - selecting the location dropdown
26-03-2022 12:39:47 INFO  Nobrokermain:19 - selecting the banglore location
26-03-2022 12:39:48 INFO  Nobrokermain:19 - clicking on apartment type dropdown
26-03-2022 12:39:48 INFO  Nobrokermain:19 - selecting the apartment types 2BHk 3BHK
26-03-2022 12:39:48 INFO  Nobrokermain:19 - clicking on propertystatus type dropdown and selecting under construction
26-03-2022 12:39:48 INFO  Nobrokermain:19 - clicking on search
26-03-2022 12:39:49 INFO  Nobrokermain:19 - sending the information
26-03-2022 12:39:51 INFO  Nobrokermain:19 - clicking on search
26-03-2022 12:39:55 INFO  Runer:19 - loading the driver 
26-03-2022 12:39:55 INFO  Runer:19 - hitting the url
26-03-2022 12:40:00 INFO  Nobrokermain:19 - clicking on Rent
26-03-2022 12:40:00 INFO  Nobrokermain:19 - selecting the location dropdown
26-03-2022 12:40:00 INFO  Nobrokermain:19 - selecting the chennai location
26-03-2022 12:40:00 INFO  Nobrokermain:19 - clicking on availbility
26-03-2022 12:40:02 INFO  Nobrokermain:19 - clicking on apartment type dropdown
26-03-2022 12:40:03 INFO  Nobrokermain:19 - selecting the apartment types 2BHk 3BHK
26-03-2022 12:40:03 INFO  Nobrokermain:19 - clicking on search
26-03-2022 12:40:03 INFO  Nobrokermain:19 - sending the information pondybazar
26-03-2022 12:40:05 INFO  Nobrokermain:19 - sending the information velacherry
26-03-2022 12:52:41 INFO  Runer:19 - loading the driver 
26-03-2022 12:52:41 INFO  Runer:19 - hitting the url
26-03-2022 12:55:16 INFO  Runer:19 - loading the driver 
26-03-2022 12:55:16 INFO  Runer:19 - hitting the url
26-03-2022 12:59:36 INFO  Runer:19 - loading the driver 
26-03-2022 12:59:36 INFO  Runer:19 - hitting the url
26-03-2022 13:01:47 INFO  Runer:19 - loading the driver 
26-03-2022 13:01:47 INFO  Runer:19 - hitting the url
26-03-2022 13:04:04 INFO  Runer:19 - loading the driver 
26-03-2022 13:04:04 INFO  Runer:19 - hitting the url
26-03-2022 13:04:53 INFO  Runer:19 - loading the driver 
26-03-2022 13:04:53 INFO  Runer:19 - hitting the url
26-03-2022 13:05:58 INFO  Runer:19 - loading the driver 
26-03-2022 13:05:58 INFO  Runer:19 - hitting the url
26-03-2022 13:07:02 INFO  Runer:19 - loading the driver 
26-03-2022 13:07:02 INFO  Runer:19 - hitting the url
26-03-2022 13:08:16 INFO  Runer:19 - loading the driver 
26-03-2022 13:08:16 INFO  Runer:19 - hitting the url
26-03-2022 13:08:57 INFO  Runer:19 - loading the driver 
26-03-2022 13:08:57 INFO  Runer:19 - hitting the url
26-03-2022 13:11:36 INFO  Runer:19 - loading the driver 
26-03-2022 13:11:36 INFO  Runer:19 - hitting the url
26-03-2022 13:12:16 INFO  Runer:19 - loading the driver 
26-03-2022 13:12:16 INFO  Runer:19 - hitting the url
26-03-2022 13:12:42 INFO  Runer:19 - loading the driver 
26-03-2022 13:12:42 INFO  Runer:19 - hitting the url
26-03-2022 13:12:58 INFO  Runer:19 - loading the driver 
26-03-2022 13:12:58 INFO  Runer:19 - hitting the url
26-03-2022 13:13:49 INFO  Runer:19 - loading the driver 
26-03-2022 13:13:49 INFO  Runer:19 - hitting the url
26-03-2022 13:13:56 INFO  Runer:19 - loading the driver 
26-03-2022 13:13:56 INFO  Runer:19 - hitting the url
26-03-2022 13:14:41 INFO  Runer:19 - loading the driver 
26-03-2022 13:14:41 INFO  Runer:19 - hitting the url
26-03-2022 13:14:48 INFO  Runer:19 - loading the driver 
26-03-2022 13:14:48 INFO  Runer:19 - hitting the url
26-03-2022 13:16:19 INFO  Runer:19 - loading the driver 
26-03-2022 13:16:19 INFO  Runer:19 - hitting the url
26-03-2022 13:16:36 INFO  Runer:19 - loading the driver 
26-03-2022 13:16:36 INFO  Runer:19 - hitting the url
26-03-2022 13:18:29 INFO  Runer:19 - loading the driver 
26-03-2022 13:18:29 INFO  Runer:19 - hitting the url
26-03-2022 13:18:44 INFO  Runer:19 - loading the driver 
26-03-2022 13:18:44 INFO  Runer:19 - hitting the url
26-03-2022 13:22:42 INFO  Runer:19 - loading the driver 
26-03-2022 13:22:42 INFO  Runer:19 - hitting the url
26-03-2022 13:23:07 INFO  Runer:19 - loading the driver 
26-03-2022 13:23:07 INFO  Runer:19 - hitting the url
26-03-2022 13:23:15 INFO  Runer:19 - loading the driver 
26-03-2022 13:23:15 INFO  Runer:19 - hitting the url
26-03-2022 13:23:33 INFO  Runer:19 - loading the driver 
26-03-2022 13:23:33 INFO  Runer:19 - hitting the url
26-03-2022 13:25:31 INFO  Runer:19 - loading the driver 
26-03-2022 13:25:31 INFO  Runer:19 - hitting the url
26-03-2022 13:25:37 INFO  Runer:19 - loading the driver 
26-03-2022 13:25:37 INFO  Runer:19 - hitting the url
26-03-2022 13:27:01 INFO  Runer:19 - loading the driver 
26-03-2022 13:27:01 INFO  Runer:19 - hitting the url
26-03-2022 13:28:44 INFO  Runer:19 - loading the driver 
26-03-2022 13:28:44 INFO  Runer:19 - hitting the url
26-03-2022 13:29:30 INFO  Runer:19 - loading the driver 
26-03-2022 13:29:30 INFO  Runer:19 - hitting the url
26-03-2022 13:30:00 INFO  Runer:19 - loading the driver 
26-03-2022 13:30:00 INFO  Runer:19 - hitting the url
26-03-2022 13:33:05 INFO  Runer:19 - loading the driver 
26-03-2022 13:33:05 INFO  Runer:19 - hitting the url
26-03-2022 13:33:45 INFO  Runer:19 - loading the driver 
26-03-2022 13:33:45 INFO  Runer:19 - hitting the url
26-03-2022 13:37:03 INFO  Runer:19 - loading the driver 
26-03-2022 13:37:03 INFO  Runer:19 - hitting the url
26-03-2022 13:39:34 INFO  Runer:19 - loading the driver 
26-03-2022 13:39:34 INFO  Runer:19 - hitting the url
26-03-2022 13:40:46 INFO  Runer:19 - loading the driver 
26-03-2022 13:40:46 INFO  Runer:19 - hitting the url
26-03-2022 13:41:07 INFO  Runer:19 - loading the driver 
26-03-2022 13:41:07 INFO  Runer:19 - hitting the url
26-03-2022 13:45:22 INFO  Runer:19 - loading the driver 
26-03-2022 13:45:22 INFO  Runer:19 - hitting the url
26-03-2022 13:46:09 INFO  Runer:19 - loading the driver 
26-03-2022 13:46:09 INFO  Runer:19 - hitting the url
26-03-2022 13:46:49 INFO  Runer:19 - loading the driver 
26-03-2022 13:46:49 INFO  Runer:19 - hitting the url
26-03-2022 13:48:05 INFO  Runer:19 - loading the driver 
26-03-2022 13:48:05 INFO  Runer:19 - hitting the url
26-03-2022 13:48:43 INFO  Runer:19 - loading the driver 
26-03-2022 13:48:43 INFO  Runer:19 - hitting the url
26-03-2022 13:49:44 INFO  Runer:19 - loading the driver 
26-03-2022 13:49:44 INFO  Runer:19 - hitting the url
26-03-2022 13:53:21 INFO  Runer:19 - loading the driver 
26-03-2022 13:53:21 INFO  Runer:19 - hitting the url
26-03-2022 13:55:48 INFO  Runer:19 - loading the driver 
26-03-2022 13:55:48 INFO  Runer:19 - hitting the url
26-03-2022 13:56:18 INFO  Runer:19 - loading the driver 
26-03-2022 13:56:18 INFO  Runer:19 - hitting the url
26-03-2022 13:56:40 INFO  Runer:19 - loading the driver 
26-03-2022 13:56:40 INFO  Runer:19 - hitting the url
26-03-2022 13:57:15 INFO  Runer:19 - loading the driver 
26-03-2022 13:57:15 INFO  Runer:19 - hitting the url
26-03-2022 13:57:32 INFO  Runer:19 - loading the driver 
26-03-2022 13:57:32 INFO  Runer:19 - hitting the url
26-03-2022 13:57:41 INFO  Runer:19 - loading the driver 
26-03-2022 13:57:41 INFO  Runer:19 - hitting the url
26-03-2022 13:57:55 INFO  Nobrokermain:19 - clicking the login button
26-03-2022 13:57:55 INFO  Nobrokermain:19 - entering the phone number
26-03-2022 13:57:56 INFO  Nobrokermain:19 - clicking on i have password
26-03-2022 13:57:56 INFO  Nobrokermain:19 - entering the password
26-03-2022 13:57:58 INFO  Nobrokermain:19 - clicking on sigin
26-03-2022 13:58:03 INFO  Runer:19 - loading the driver 
26-03-2022 13:58:03 INFO  Runer:19 - hitting the url
26-03-2022 13:58:31 INFO  Nobrokermain:19 - clicking the login button
26-03-2022 13:58:31 INFO  Nobrokermain:19 - entering the phone number
26-03-2022 13:58:31 INFO  Nobrokermain:19 - clicking on i have password
26-03-2022 13:58:32 INFO  Nobrokermain:19 - entering the wrong password
26-03-2022 13:58:34 INFO  Nobrokermain:19 - clicking on sigin
26-03-2022 13:58:39 INFO  Runer:19 - loading the driver 
26-03-2022 13:58:39 INFO  Runer:19 - hitting the url
26-03-2022 13:58:43 INFO  Nobrokermain:19 - clicking on buy
26-03-2022 13:58:43 INFO  Nobrokermain:19 - selecting the location dropdown
26-03-2022 13:58:43 INFO  Nobrokermain:19 - selecting the location
26-03-2022 13:58:43 INFO  Nobrokermain:19 - clicking on apartment type dropdown
26-03-2022 13:58:44 INFO  Nobrokermain:19 - selecting the apartment types
26-03-2022 13:58:44 INFO  Nobrokermain:19 - clicking on propertystatus type dropdown
26-03-2022 13:58:44 INFO  Nobrokermain:19 - clicking on search
26-03-2022 13:58:44 INFO  Nobrokermain:19 - sending the  information
26-03-2022 13:58:47 INFO  Nobrokermain:19 - clicking on search
26-03-2022 13:58:51 INFO  Runer:19 - loading the driver 
26-03-2022 13:58:51 INFO  Runer:19 - hitting the url
26-03-2022 13:58:56 INFO  Nobrokermain:19 - clicking on buy
26-03-2022 13:58:56 INFO  Nobrokermain:19 - selecting the location dropdown
26-03-2022 13:58:56 INFO  Nobrokermain:19 - selecting the banglore location
26-03-2022 13:58:56 INFO  Nobrokermain:19 - clicking on apartment type dropdown
26-03-2022 13:58:56 INFO  Nobrokermain:19 - selecting the apartment types 2BHk 3BHK
26-03-2022 13:58:56 INFO  Nobrokermain:19 - clicking on propertystatus type dropdown and selecting under construction
26-03-2022 13:58:57 INFO  Nobrokermain:19 - clicking on search
26-03-2022 13:58:57 INFO  Nobrokermain:19 - sending the information
26-03-2022 13:58:59 INFO  Nobrokermain:19 - clicking on search
26-03-2022 13:59:00 INFO  Runer:19 - loading the driver 
26-03-2022 13:59:00 INFO  Runer:19 - hitting the url
26-03-2022 13:59:16 INFO  Nobrokermain:19 - clicking on Rent
26-03-2022 13:59:16 INFO  Nobrokermain:19 - selecting the location dropdown
26-03-2022 13:59:16 INFO  Nobrokermain:19 - selecting the chennai location
26-03-2022 13:59:17 INFO  Nobrokermain:19 - clicking on availbility
26-03-2022 13:59:19 INFO  Nobrokermain:19 - clicking on apartment type dropdown
26-03-2022 13:59:19 INFO  Nobrokermain:19 - selecting the apartment types 2BHk 3BHK
26-03-2022 13:59:19 INFO  Nobrokermain:19 - clicking on search
26-03-2022 13:59:20 INFO  Nobrokermain:19 - sending the information pondybazar
26-03-2022 13:59:22 INFO  Nobrokermain:19 - sending the information velacherry
27-03-2022 11:29:46 INFO  Runer:19 - loading the driver 
27-03-2022 11:29:46 INFO  Runer:19 - hitting the url
27-03-2022 11:29:54 INFO  Nobrokermain:19 - clicking on Buyer plans
27-03-2022 11:30:06 INFO  Runer:19 - loading the driver 
27-03-2022 11:30:06 INFO  Runer:19 - hitting the url
27-03-2022 11:30:21 INFO  Nobrokermain:19 - clicking on Owner plans
27-03-2022 11:30:25 INFO  Runer:19 - loading the driver 
27-03-2022 11:30:25 INFO  Runer:19 - hitting the url
27-03-2022 11:30:29 INFO  Nobrokermain:19 - clicking on painting details
27-03-2022 11:30:37 INFO  Runer:19 - loading the driver 
27-03-2022 11:30:37 INFO  Runer:19 - hitting the url
27-03-2022 11:30:41 INFO  Nobrokermain:19 - clicking on referal and earn
27-03-2022 11:30:43 INFO  Runer:19 - loading the driver 
27-03-2022 11:30:43 INFO  Runer:19 - hitting the url
27-03-2022 11:30:48 INFO  Nobrokermain:19 - clicking on rental agreement
27-03-2022 11:30:56 INFO  Runer:19 - loading the driver 
27-03-2022 11:30:56 INFO  Runer:19 - hitting the url
27-03-2022 11:31:00 INFO  Nobrokermain:19 - clicking the login button
27-03-2022 11:31:00 INFO  Nobrokermain:19 - entering the phone number
27-03-2022 11:31:01 INFO  Nobrokermain:19 - clicking on i have password
27-03-2022 11:31:01 INFO  Nobrokermain:19 - entering the password
27-03-2022 11:31:03 INFO  Nobrokermain:19 - clicking on sigin
27-03-2022 11:31:08 INFO  Runer:19 - loading the driver 
27-03-2022 11:31:08 INFO  Runer:19 - hitting the url
27-03-2022 11:31:14 INFO  Nobrokermain:19 - clicking the login button
27-03-2022 11:31:14 INFO  Nobrokermain:19 - entering the phone number
27-03-2022 11:31:14 INFO  Nobrokermain:19 - clicking on i have password
27-03-2022 11:31:15 INFO  Nobrokermain:19 - entering the wrong password
27-03-2022 11:31:17 INFO  Nobrokermain:19 - clicking on sigin
27-03-2022 11:31:22 INFO  Runer:19 - loading the driver 
27-03-2022 11:31:22 INFO  Runer:19 - hitting the url
27-03-2022 11:31:37 INFO  Nobrokermain:19 - clicking on buy
27-03-2022 11:31:37 INFO  Nobrokermain:19 - selecting the location dropdown
27-03-2022 11:31:37 INFO  Nobrokermain:19 - selecting the location
27-03-2022 11:31:37 INFO  Nobrokermain:19 - clicking on apartment type dropdown
27-03-2022 11:31:37 INFO  Nobrokermain:19 - selecting the apartment types
27-03-2022 11:31:37 INFO  Nobrokermain:19 - clicking on propertystatus type dropdown
27-03-2022 11:31:37 INFO  Nobrokermain:19 - clicking on search
27-03-2022 11:31:38 INFO  Nobrokermain:19 - sending the  information
27-03-2022 11:31:40 INFO  Nobrokermain:19 - clicking on search
27-03-2022 11:31:44 INFO  Runer:19 - loading the driver 
27-03-2022 11:31:44 INFO  Runer:19 - hitting the url
27-03-2022 11:31:49 INFO  Nobrokermain:19 - clicking on buy
27-03-2022 11:31:49 INFO  Nobrokermain:19 - selecting the location dropdown
27-03-2022 11:31:49 INFO  Nobrokermain:19 - selecting the banglore location
27-03-2022 11:31:49 INFO  Nobrokermain:19 - clicking on apartment type dropdown
27-03-2022 11:31:49 INFO  Nobrokermain:19 - selecting the apartment types 2BHk 3BHK
27-03-2022 11:31:49 INFO  Nobrokermain:19 - clicking on propertystatus type dropdown and selecting under construction
27-03-2022 11:31:50 INFO  Nobrokermain:19 - clicking on search
27-03-2022 11:31:50 INFO  Nobrokermain:19 - sending the information
27-03-2022 11:31:52 INFO  Nobrokermain:19 - clicking on search
27-03-2022 11:31:56 INFO  Runer:19 - loading the driver 
27-03-2022 11:31:56 INFO  Runer:19 - hitting the url
27-03-2022 11:32:04 INFO  Nobrokermain:19 - clicking on Rent
27-03-2022 11:32:04 INFO  Nobrokermain:19 - selecting the location dropdown
27-03-2022 11:32:04 INFO  Nobrokermain:19 - selecting the chennai location
27-03-2022 11:32:04 INFO  Nobrokermain:19 - clicking on availbility
27-03-2022 11:32:06 INFO  Nobrokermain:19 - clicking on apartment type dropdown
27-03-2022 11:32:07 INFO  Nobrokermain:19 - selecting the apartment types 2BHk 3BHK
27-03-2022 11:32:07 INFO  Nobrokermain:19 - clicking on search
27-03-2022 11:32:07 INFO  Nobrokermain:19 - sending the information pondybazar
27-03-2022 11:32:09 INFO  Nobrokermain:19 - sending the information velacherry
27-03-2022 13:36:20 INFO  Runer:19 - loading the driver 
27-03-2022 13:36:20 INFO  Runer:19 - hitting the url
27-03-2022 13:36:56 INFO  Nobrokermain:19 - clicking on Buyer plans
27-03-2022 13:37:09 INFO  Runer:19 - loading the driver 
27-03-2022 13:37:09 INFO  Runer:19 - hitting the url
27-03-2022 13:37:24 INFO  Runer:19 - loading the driver 
27-03-2022 13:37:24 INFO  Runer:19 - hitting the url
27-03-2022 13:37:53 INFO  Nobrokermain:19 - clicking on Buyer plans
27-03-2022 13:38:10 INFO  Runer:19 - loading the driver 
27-03-2022 13:38:10 INFO  Runer:19 - hitting the url
27-03-2022 13:38:24 INFO  Nobrokermain:19 - clicking on Owner plans
27-03-2022 13:38:27 INFO  Runer:19 - loading the driver 
27-03-2022 13:38:27 INFO  Runer:19 - hitting the url
27-03-2022 13:38:42 INFO  Nobrokermain:19 - clicking on painting details
27-03-2022 13:38:57 INFO  Runer:19 - loading the driver 
27-03-2022 13:38:57 INFO  Runer:19 - hitting the url
27-03-2022 13:39:10 INFO  Nobrokermain:19 - clicking on referal and earn
27-03-2022 13:39:13 INFO  Runer:19 - loading the driver 
27-03-2022 13:39:13 INFO  Runer:19 - hitting the url
27-03-2022 13:39:21 INFO  Nobrokermain:19 - clicking on rental agreement
27-03-2022 13:39:25 INFO  Runer:19 - loading the driver 
27-03-2022 13:39:25 INFO  Runer:19 - hitting the url
27-03-2022 13:39:30 INFO  Nobrokermain:19 - clicking the login button
27-03-2022 13:39:30 INFO  Nobrokermain:19 - entering the phone number
27-03-2022 13:39:30 INFO  Nobrokermain:19 - clicking on i have password
27-03-2022 13:39:31 INFO  Nobrokermain:19 - entering the password
27-03-2022 13:39:34 INFO  Nobrokermain:19 - clicking on sigin
27-03-2022 13:39:38 INFO  Runer:19 - loading the driver 
27-03-2022 13:39:38 INFO  Runer:19 - hitting the url
27-03-2022 13:39:44 INFO  Nobrokermain:19 - clicking the login button
27-03-2022 13:39:44 INFO  Nobrokermain:19 - entering the phone number
27-03-2022 13:39:44 INFO  Nobrokermain:19 - clicking on i have password
27-03-2022 13:39:45 INFO  Nobrokermain:19 - entering the wrong password
27-03-2022 13:39:47 INFO  Nobrokermain:19 - clicking on sigin
27-03-2022 13:39:52 INFO  Runer:19 - loading the driver 
27-03-2022 13:39:52 INFO  Runer:19 - hitting the url
27-03-2022 13:39:56 INFO  Nobrokermain:19 - clicking on buy
27-03-2022 13:39:56 INFO  Nobrokermain:19 - selecting the location dropdown
27-03-2022 13:39:56 INFO  Nobrokermain:19 - selecting the location
27-03-2022 13:39:57 INFO  Nobrokermain:19 - clicking on apartment type dropdown
27-03-2022 13:39:58 INFO  Nobrokermain:19 - selecting the apartment types
27-03-2022 13:39:58 INFO  Nobrokermain:19 - clicking on propertystatus type dropdown
27-03-2022 13:39:58 INFO  Nobrokermain:19 - clicking on search
27-03-2022 13:39:59 INFO  Nobrokermain:19 - sending the  information
27-03-2022 13:40:01 INFO  Nobrokermain:19 - clicking on search
27-03-2022 13:40:06 INFO  Runer:19 - loading the driver 
27-03-2022 13:40:06 INFO  Runer:19 - hitting the url
27-03-2022 13:40:22 INFO  Nobrokermain:19 - clicking on buy
27-03-2022 13:40:22 INFO  Nobrokermain:19 - selecting the location dropdown
27-03-2022 13:40:22 INFO  Nobrokermain:19 - selecting the banglore location
27-03-2022 13:40:22 INFO  Nobrokermain:19 - clicking on apartment type dropdown
27-03-2022 13:40:22 INFO  Nobrokermain:19 - selecting the apartment types 2BHk 3BHK
27-03-2022 13:40:23 INFO  Nobrokermain:19 - clicking on propertystatus type dropdown and selecting under construction
27-03-2022 13:40:23 INFO  Nobrokermain:19 - clicking on search
27-03-2022 13:40:23 INFO  Nobrokermain:19 - sending the information
27-03-2022 13:40:26 INFO  Nobrokermain:19 - clicking on search
27-03-2022 13:40:27 INFO  Runer:19 - loading the driver 
27-03-2022 13:40:27 INFO  Runer:19 - hitting the url
27-03-2022 13:40:39 INFO  Nobrokermain:19 - clicking on Rent
27-03-2022 13:40:39 INFO  Nobrokermain:19 - selecting the location dropdown
27-03-2022 13:40:39 INFO  Nobrokermain:19 - selecting the chennai location
27-03-2022 13:40:40 INFO  Nobrokermain:19 - clicking on availbility
27-03-2022 13:40:42 INFO  Nobrokermain:19 - clicking on apartment type dropdown
27-03-2022 13:40:42 INFO  Nobrokermain:19 - selecting the apartment types 2BHk 3BHK
27-03-2022 13:40:43 INFO  Nobrokermain:19 - clicking on search
27-03-2022 13:40:43 INFO  Nobrokermain:19 - sending the information pondybazar
27-03-2022 13:40:45 INFO  Nobrokermain:19 - sending the information velacherry
27-03-2022 13:45:10 INFO  Runer:19 - loading the driver 
27-03-2022 13:45:10 INFO  Runer:19 - hitting the url
27-03-2022 13:45:26 INFO  Nobrokermain:19 - clicking on Buyer plans
27-03-2022 13:45:33 INFO  Runer:19 - loading the driver 
27-03-2022 13:45:33 INFO  Runer:19 - hitting the url
27-03-2022 13:45:48 INFO  Nobrokermain:19 - clicking on Owner plans
27-03-2022 13:45:55 INFO  Runer:19 - loading the driver 
27-03-2022 13:45:55 INFO  Runer:19 - hitting the url
27-03-2022 13:46:11 INFO  Nobrokermain:19 - clicking on painting details
27-03-2022 13:46:18 INFO  Runer:19 - loading the driver 
27-03-2022 13:46:18 INFO  Runer:19 - hitting the url
27-03-2022 13:46:23 INFO  Nobrokermain:19 - clicking on referal and earn
27-03-2022 13:46:34 INFO  Runer:19 - loading the driver 
27-03-2022 13:46:34 INFO  Runer:19 - hitting the url
27-03-2022 13:46:38 INFO  Nobrokermain:19 - clicking on rental agreement
27-03-2022 13:46:49 INFO  Runer:19 - loading the driver 
27-03-2022 13:46:49 INFO  Runer:19 - hitting the url
27-03-2022 13:47:15 INFO  Nobrokermain:19 - clicking the login button
27-03-2022 13:47:15 INFO  Nobrokermain:19 - entering the phone number
27-03-2022 13:47:15 INFO  Nobrokermain:19 - clicking on i have password
27-03-2022 13:47:16 INFO  Nobrokermain:19 - entering the password
27-03-2022 13:47:18 INFO  Nobrokermain:19 - clicking on sigin
27-03-2022 13:47:22 INFO  Runer:19 - loading the driver 
27-03-2022 13:47:22 INFO  Runer:19 - hitting the url
27-03-2022 13:47:29 INFO  Nobrokermain:19 - clicking the login button
27-03-2022 13:47:29 INFO  Nobrokermain:19 - entering the phone number
27-03-2022 13:47:30 INFO  Nobrokermain:19 - clicking on i have password
27-03-2022 13:47:31 INFO  Nobrokermain:19 - entering the wrong password
27-03-2022 13:47:33 INFO  Nobrokermain:19 - clicking on sigin
27-03-2022 13:47:37 INFO  Runer:19 - loading the driver 
27-03-2022 13:47:37 INFO  Runer:19 - hitting the url
27-03-2022 13:48:03 INFO  Nobrokermain:19 - clicking on buy
27-03-2022 13:48:03 INFO  Nobrokermain:19 - selecting the location dropdown
27-03-2022 13:48:03 INFO  Nobrokermain:19 - selecting the location
27-03-2022 13:48:04 INFO  Nobrokermain:19 - clicking on apartment type dropdown
27-03-2022 13:48:04 INFO  Nobrokermain:19 - selecting the apartment types
27-03-2022 13:48:04 INFO  Nobrokermain:19 - clicking on propertystatus type dropdown
27-03-2022 13:48:04 INFO  Nobrokermain:19 - clicking on search
27-03-2022 13:48:04 INFO  Nobrokermain:19 - sending the  information
27-03-2022 13:48:07 INFO  Nobrokermain:19 - clicking on search
27-03-2022 13:48:15 INFO  Runer:19 - loading the driver 
27-03-2022 13:48:15 INFO  Runer:19 - hitting the url
27-03-2022 13:48:29 INFO  Nobrokermain:19 - clicking on buy
27-03-2022 13:48:30 INFO  Nobrokermain:19 - selecting the location dropdown
27-03-2022 13:48:30 INFO  Nobrokermain:19 - selecting the banglore location
27-03-2022 13:48:30 INFO  Nobrokermain:19 - clicking on apartment type dropdown
27-03-2022 13:48:30 INFO  Nobrokermain:19 - selecting the apartment types 2BHk 3BHK
27-03-2022 13:48:30 INFO  Nobrokermain:19 - clicking on propertystatus type dropdown and selecting under construction
27-03-2022 13:48:30 INFO  Nobrokermain:19 - clicking on search
27-03-2022 13:48:31 INFO  Nobrokermain:19 - sending the information
27-03-2022 13:48:33 INFO  Nobrokermain:19 - clicking on search
27-03-2022 13:48:37 INFO  Runer:19 - loading the driver 
27-03-2022 13:48:37 INFO  Runer:19 - hitting the url
27-03-2022 13:48:43 INFO  Nobrokermain:19 - clicking on Rent
27-03-2022 13:48:44 INFO  Nobrokermain:19 - selecting the location dropdown
27-03-2022 13:48:44 INFO  Nobrokermain:19 - selecting the chennai location
27-03-2022 13:48:45 INFO  Nobrokermain:19 - clicking on availbility
27-03-2022 13:48:47 INFO  Nobrokermain:19 - clicking on apartment type dropdown
27-03-2022 13:48:47 INFO  Nobrokermain:19 - selecting the apartment types 2BHk 3BHK
27-03-2022 13:48:47 INFO  Nobrokermain:19 - clicking on search
27-03-2022 13:48:47 INFO  Nobrokermain:19 - sending the information pondybazar
27-03-2022 13:48:50 INFO  Nobrokermain:19 - sending the information velacherry
27-03-2022 13:51:43 INFO  Runer:19 - loading the driver 
27-03-2022 13:51:43 INFO  Runer:19 - hitting the url
27-03-2022 13:51:59 INFO  Nobrokermain:19 - clicking on Buyer plans
27-03-2022 13:52:09 INFO  Runer:19 - loading the driver 
27-03-2022 13:52:09 INFO  Runer:19 - hitting the url
27-03-2022 13:52:16 INFO  Nobrokermain:19 - clicking on Owner plans
27-03-2022 13:52:27 INFO  Runer:19 - loading the driver 
27-03-2022 13:52:27 INFO  Runer:19 - hitting the url
27-03-2022 13:52:31 INFO  Nobrokermain:19 - clicking on painting details
27-03-2022 13:52:38 INFO  Runer:19 - loading the driver 
27-03-2022 13:52:38 INFO  Runer:19 - hitting the url
27-03-2022 13:52:44 INFO  Nobrokermain:19 - clicking on referal and earn
27-03-2022 13:52:54 INFO  Runer:19 - loading the driver 
27-03-2022 13:52:54 INFO  Runer:19 - hitting the url
27-03-2022 13:52:59 INFO  Nobrokermain:19 - clicking on rental agreement
27-03-2022 13:53:11 INFO  Runer:19 - loading the driver 
27-03-2022 13:53:11 INFO  Runer:19 - hitting the url
27-03-2022 13:53:15 INFO  Nobrokermain:19 - clicking the login button
27-03-2022 13:53:16 INFO  Nobrokermain:19 - entering the phone number
27-03-2022 13:53:16 INFO  Nobrokermain:19 - clicking on i have password
27-03-2022 13:53:17 INFO  Nobrokermain:19 - entering the password
27-03-2022 13:53:19 INFO  Nobrokermain:19 - clicking on sigin
27-03-2022 13:53:27 INFO  Runer:19 - loading the driver 
27-03-2022 13:53:27 INFO  Runer:19 - hitting the url
27-03-2022 13:53:42 INFO  Nobrokermain:19 - clicking the login button
27-03-2022 13:53:42 INFO  Nobrokermain:19 - entering the phone number
27-03-2022 13:53:43 INFO  Nobrokermain:19 - clicking on i have password
27-03-2022 13:53:43 INFO  Nobrokermain:19 - entering the wrong password
27-03-2022 13:53:45 INFO  Nobrokermain:19 - clicking on sigin
27-03-2022 13:53:53 INFO  Runer:19 - loading the driver 
27-03-2022 13:53:53 INFO  Runer:19 - hitting the url
27-03-2022 13:54:00 INFO  Nobrokermain:19 - clicking on buy
27-03-2022 13:54:00 INFO  Nobrokermain:19 - selecting the location dropdown
27-03-2022 13:54:00 INFO  Nobrokermain:19 - selecting the location
27-03-2022 13:54:01 INFO  Nobrokermain:19 - clicking on apartment type dropdown
27-03-2022 13:54:01 INFO  Nobrokermain:19 - selecting the apartment types
27-03-2022 13:54:01 INFO  Nobrokermain:19 - clicking on propertystatus type dropdown
27-03-2022 13:54:02 INFO  Nobrokermain:19 - clicking on search
27-03-2022 13:54:02 INFO  Nobrokermain:19 - sending the  information
27-03-2022 13:54:04 INFO  Nobrokermain:19 - clicking on search
27-03-2022 13:54:12 INFO  Runer:19 - loading the driver 
27-03-2022 13:54:12 INFO  Runer:19 - hitting the url
27-03-2022 13:54:37 INFO  Nobrokermain:19 - clicking on buy
27-03-2022 13:54:38 INFO  Runer:19 - loading the driver 
27-03-2022 13:54:38 INFO  Runer:19 - hitting the url
27-03-2022 13:54:50 INFO  Nobrokermain:19 - clicking on Rent
27-03-2022 13:54:50 INFO  Nobrokermain:19 - selecting the location dropdown
27-03-2022 13:54:50 INFO  Nobrokermain:19 - selecting the chennai location
27-03-2022 13:54:50 INFO  Nobrokermain:19 - clicking on availbility
27-03-2022 13:54:53 INFO  Nobrokermain:19 - clicking on apartment type dropdown
27-03-2022 13:54:54 INFO  Nobrokermain:19 - selecting the apartment types 2BHk 3BHK
27-03-2022 13:54:54 INFO  Nobrokermain:19 - clicking on search
27-03-2022 13:54:54 INFO  Nobrokermain:19 - sending the information pondybazar
27-03-2022 13:54:56 INFO  Nobrokermain:19 - sending the information velacherry
27-03-2022 13:59:11 INFO  Runer:19 - loading the driver 
27-03-2022 13:59:11 INFO  Runer:19 - hitting the url
27-03-2022 13:59:37 INFO  Nobrokermain:19 - clicking the login button
27-03-2022 13:59:37 INFO  Nobrokermain:19 - entering the phone number
27-03-2022 13:59:38 INFO  Nobrokermain:19 - clicking on i have password
27-03-2022 13:59:38 INFO  Nobrokermain:19 - entering the password
27-03-2022 13:59:40 INFO  Nobrokermain:19 - clicking on sigin
27-03-2022 14:01:46 INFO  Runer:19 - loading the driver 
27-03-2022 14:01:46 INFO  Runer:19 - hitting the url
27-03-2022 14:02:00 INFO  Nobrokermain:19 - clicking the login button
27-03-2022 14:02:00 INFO  Nobrokermain:19 - entering the phone number
27-03-2022 14:02:00 INFO  Nobrokermain:19 - clicking on i have password
27-03-2022 14:02:01 INFO  Nobrokermain:19 - entering the password
27-03-2022 14:02:03 INFO  Nobrokermain:19 - clicking on sigin
27-03-2022 14:03:43 INFO  Runer:19 - loading the driver 
27-03-2022 14:03:43 INFO  Runer:19 - hitting the url
27-03-2022 14:03:57 INFO  Nobrokermain:19 - clicking the login button
27-03-2022 14:03:57 INFO  Nobrokermain:19 - entering the phone number
27-03-2022 14:03:58 INFO  Nobrokermain:19 - clicking on i have password
27-03-2022 14:03:58 INFO  Nobrokermain:19 - entering the password
27-03-2022 14:04:00 INFO  Nobrokermain:19 - clicking on sigin
27-03-2022 14:08:29 INFO  Runer:19 - loading the driver 
27-03-2022 14:08:29 INFO  Runer:19 - hitting the url
27-03-2022 14:08:55 INFO  Nobrokermain:19 - clicking the login button
27-03-2022 14:09:16 INFO  Runer:19 - loading the driver 
27-03-2022 14:09:16 INFO  Runer:19 - hitting the url
27-03-2022 14:09:21 INFO  Nobrokermain:19 - clicking the login button
27-03-2022 14:09:22 INFO  Nobrokermain:19 - entering the phone number
27-03-2022 14:09:22 INFO  Nobrokermain:19 - clicking on i have password
27-03-2022 14:09:23 INFO  Nobrokermain:19 - entering the password
27-03-2022 14:09:25 INFO  Nobrokermain:19 - clicking on sigin
27-03-2022 14:09:58 INFO  Runer:19 - loading the driver 
27-03-2022 14:09:58 INFO  Runer:19 - hitting the url
27-03-2022 14:10:20 INFO  Nobrokermain:19 - clicking the login button
27-03-2022 14:10:20 INFO  Nobrokermain:19 - entering the phone number
27-03-2022 14:10:20 INFO  Nobrokermain:19 - clicking on i have password
27-03-2022 14:10:21 INFO  Nobrokermain:19 - entering the password
27-03-2022 14:10:23 INFO  Nobrokermain:19 - clicking on sigin
27-03-2022 14:13:53 INFO  Runer:19 - loading the driver 
27-03-2022 14:13:53 INFO  Runer:19 - hitting the url
27-03-2022 14:14:18 INFO  Runer:19 - loading the driver 
27-03-2022 14:14:18 INFO  Runer:19 - hitting the url
27-03-2022 14:14:22 INFO  Nobrokermain:19 - clicking the login button
27-03-2022 14:14:22 INFO  Nobrokermain:19 - entering the phone number
27-03-2022 14:14:23 INFO  Nobrokermain:19 - clicking on i have password
27-03-2022 14:14:23 INFO  Nobrokermain:19 - entering the password
27-03-2022 14:14:25 INFO  Nobrokermain:19 - clicking on sigin
27-03-2022 14:14:44 INFO  Runer:19 - loading the driver 
27-03-2022 14:14:44 INFO  Runer:19 - hitting the url
27-03-2022 14:14:49 INFO  Nobrokermain:19 - clicking the login button
27-03-2022 14:14:49 INFO  Nobrokermain:19 - entering the phone number
27-03-2022 14:14:50 INFO  Nobrokermain:19 - clicking on i have password
27-03-2022 14:14:51 INFO  Nobrokermain:19 - entering the password
27-03-2022 14:14:53 INFO  Nobrokermain:19 - clicking on sigin
27-03-2022 14:15:42 INFO  Runer:19 - loading the driver 
27-03-2022 14:15:42 INFO  Runer:19 - hitting the url
27-03-2022 14:15:47 INFO  Nobrokermain:19 - clicking the login button
27-03-2022 14:15:47 INFO  Nobrokermain:19 - entering the phone number
27-03-2022 14:15:47 INFO  Nobrokermain:19 - clicking on i have password
27-03-2022 14:15:48 INFO  Nobrokermain:19 - entering the password
27-03-2022 14:15:50 INFO  Nobrokermain:19 - clicking on sigin
27-03-2022 15:42:25 INFO  Runer:19 - loading the driver 
27-03-2022 15:42:25 INFO  Runer:19 - hitting the url
27-03-2022 15:42:49 INFO  Runer:19 - loading the driver 
27-03-2022 15:42:49 INFO  Runer:19 - hitting the url
27-03-2022 15:43:09 INFO  Nobrokermain:19 - clicking the login button
27-03-2022 15:43:19 INFO  Runer:19 - loading the driver 
27-03-2022 15:43:19 INFO  Runer:19 - hitting the url
27-03-2022 15:43:23 INFO  Nobrokermain:19 - clicking the login button
27-03-2022 15:43:24 INFO  Nobrokermain:19 - entering the phone number
27-03-2022 15:43:24 INFO  Nobrokermain:19 - clicking on i have password
27-03-2022 15:43:24 INFO  Nobrokermain:19 - entering the password
27-03-2022 15:43:26 INFO  Nobrokermain:19 - clicking on sigin
27-03-2022 15:44:20 INFO  Runer:19 - loading the driver 
27-03-2022 15:44:20 INFO  Runer:19 - hitting the url
27-03-2022 15:44:38 INFO  Nobrokermain:19 - clicking on Buyer plans
27-03-2022 15:44:45 INFO  Runer:19 - loading the driver 
27-03-2022 15:44:45 INFO  Runer:19 - hitting the url
27-03-2022 15:44:49 INFO  Nobrokermain:19 - clicking on Owner plans
27-03-2022 15:44:53 INFO  Runer:19 - loading the driver 
27-03-2022 15:44:53 INFO  Runer:19 - hitting the url
27-03-2022 15:45:01 INFO  Nobrokermain:19 - clicking on painting details
27-03-2022 15:45:05 INFO  Runer:19 - loading the driver 
27-03-2022 15:45:05 INFO  Runer:19 - hitting the url
27-03-2022 15:45:11 INFO  Nobrokermain:19 - clicking on referal and earn
27-03-2022 15:45:20 INFO  Runer:19 - loading the driver 
27-03-2022 15:45:20 INFO  Runer:19 - hitting the url
27-03-2022 15:45:35 INFO  Nobrokermain:19 - clicking on rental agreement
27-03-2022 15:45:41 INFO  Runer:19 - loading the driver 
27-03-2022 15:45:41 INFO  Runer:19 - hitting the url
27-03-2022 15:46:11 INFO  Nobrokermain:19 - clicking the login button
27-03-2022 15:46:11 INFO  Nobrokermain:19 - entering the phone number
27-03-2022 15:46:11 INFO  Nobrokermain:19 - clicking on i have password
27-03-2022 15:46:12 INFO  Nobrokermain:19 - entering the password
27-03-2022 15:46:14 INFO  Nobrokermain:19 - clicking on sigin
27-03-2022 15:46:26 INFO  Runer:19 - loading the driver 
27-03-2022 15:46:26 INFO  Runer:19 - hitting the url
27-03-2022 15:46:31 INFO  Nobrokermain:19 - clicking the login button
27-03-2022 15:46:31 INFO  Nobrokermain:19 - entering the phone number
27-03-2022 15:46:32 INFO  Nobrokermain:19 - clicking on i have password
27-03-2022 15:46:32 INFO  Nobrokermain:19 - entering the wrong password
27-03-2022 15:46:34 INFO  Nobrokermain:19 - clicking on sigin
27-03-2022 15:46:41 INFO  Runer:19 - loading the driver 
27-03-2022 15:46:41 INFO  Runer:19 - hitting the url
27-03-2022 15:46:47 INFO  Nobrokermain:19 - clicking on buy
27-03-2022 15:46:47 INFO  Nobrokermain:19 - selecting the location dropdown
27-03-2022 15:46:48 INFO  Nobrokermain:19 - selecting the location
27-03-2022 15:46:48 INFO  Nobrokermain:19 - clicking on apartment type dropdown
27-03-2022 15:46:48 INFO  Nobrokermain:19 - selecting the apartment types
27-03-2022 15:46:48 INFO  Nobrokermain:19 - clicking on propertystatus type dropdown
27-03-2022 15:46:49 INFO  Nobrokermain:19 - clicking on search
27-03-2022 15:46:49 INFO  Nobrokermain:19 - sending the  information
27-03-2022 15:46:51 INFO  Nobrokermain:19 - clicking on search
27-03-2022 15:46:53 INFO  Runer:19 - loading the driver 
27-03-2022 15:46:53 INFO  Runer:19 - hitting the url
27-03-2022 15:46:57 INFO  Nobrokermain:19 - clicking on buy
27-03-2022 15:46:58 INFO  Nobrokermain:19 - selecting the location dropdown
27-03-2022 15:46:58 INFO  Nobrokermain:19 - selecting the banglore location
27-03-2022 15:46:58 INFO  Nobrokermain:19 - clicking on apartment type dropdown
27-03-2022 15:46:59 INFO  Nobrokermain:19 - selecting the apartment types 2BHk 3BHK
27-03-2022 15:46:59 INFO  Nobrokermain:19 - clicking on propertystatus type dropdown and selecting under construction
27-03-2022 15:46:59 INFO  Nobrokermain:19 - clicking on search
27-03-2022 15:47:00 INFO  Nobrokermain:19 - sending the information
27-03-2022 15:47:02 INFO  Nobrokermain:19 - clicking on search
27-03-2022 15:47:05 INFO  Runer:19 - loading the driver 
27-03-2022 15:47:05 INFO  Runer:19 - hitting the url
27-03-2022 15:47:10 INFO  Nobrokermain:19 - clicking on Rent
27-03-2022 15:47:11 INFO  Nobrokermain:19 - selecting the location dropdown
27-03-2022 15:47:11 INFO  Nobrokermain:19 - selecting the chennai location
27-03-2022 15:47:12 INFO  Nobrokermain:19 - clicking on availbility
27-03-2022 15:47:15 INFO  Nobrokermain:19 - clicking on apartment type dropdown
27-03-2022 15:47:15 INFO  Nobrokermain:19 - selecting the apartment types 2BHk 3BHK
27-03-2022 15:47:15 INFO  Nobrokermain:19 - clicking on search
27-03-2022 15:47:15 INFO  Nobrokermain:19 - sending the information pondybazar
27-03-2022 15:47:17 INFO  Nobrokermain:19 - sending the information velacherry
27-03-2022 20:48:21 INFO  Runer:19 - loading the driver 
27-03-2022 20:48:21 INFO  Runer:19 - hitting the url
27-03-2022 20:48:39 INFO  Nobrokermain:19 - clicking the login button
27-03-2022 20:48:39 INFO  Nobrokermain:19 - entering the phone number
27-03-2022 20:48:39 INFO  Nobrokermain:19 - clicking on i have password
27-03-2022 20:48:40 INFO  Nobrokermain:19 - entering the password
27-03-2022 20:48:42 INFO  Nobrokermain:19 - clicking on sigin
27-03-2022 20:48:47 INFO  Runer:19 - loading the driver 
27-03-2022 20:48:47 INFO  Runer:19 - hitting the url
27-03-2022 20:49:02 INFO  Nobrokermain:19 - clicking the login button
27-03-2022 20:49:02 INFO  Nobrokermain:19 - entering the phone number
27-03-2022 20:49:02 INFO  Nobrokermain:19 - clicking on i have password
27-03-2022 20:49:03 INFO  Nobrokermain:19 - entering the wrong password
27-03-2022 20:49:05 INFO  Nobrokermain:19 - clicking on sigin
27-03-2022 20:49:12 INFO  Runer:19 - loading the driver 
27-03-2022 20:49:12 INFO  Runer:19 - hitting the url
27-03-2022 20:49:16 INFO  Nobrokermain:19 - clicking on buy
27-03-2022 20:49:16 INFO  Nobrokermain:19 - selecting the location dropdown
27-03-2022 20:49:16 INFO  Nobrokermain:19 - selecting the location
27-03-2022 20:49:17 INFO  Nobrokermain:19 - clicking on apartment type dropdown
27-03-2022 20:49:18 INFO  Nobrokermain:19 - selecting the apartment types
27-03-2022 20:49:18 INFO  Nobrokermain:19 - clicking on propertystatus type dropdown
27-03-2022 20:49:18 INFO  Nobrokermain:19 - clicking on search
27-03-2022 20:49:18 INFO  Nobrokermain:19 - sending the  information
27-03-2022 20:49:20 INFO  Nobrokermain:19 - clicking on search
27-03-2022 20:49:23 INFO  Runer:19 - loading the driver 
27-03-2022 20:49:23 INFO  Runer:19 - hitting the url
27-03-2022 20:49:29 INFO  Nobrokermain:19 - clicking on buy
27-03-2022 20:49:29 INFO  Nobrokermain:19 - selecting the location dropdown
27-03-2022 20:49:29 INFO  Nobrokermain:19 - selecting the banglore location
27-03-2022 20:49:31 INFO  Nobrokermain:19 - clicking on apartment type dropdown
27-03-2022 20:49:32 INFO  Nobrokermain:19 - selecting the apartment types 2BHk 3BHK
27-03-2022 20:49:32 INFO  Nobrokermain:19 - clicking on propertystatus type dropdown and selecting under construction
27-03-2022 20:49:32 INFO  Nobrokermain:19 - clicking on search
27-03-2022 20:49:33 INFO  Nobrokermain:19 - sending the information
27-03-2022 20:49:35 INFO  Nobrokermain:19 - clicking on search
27-03-2022 20:49:42 INFO  Runer:19 - loading the driver 
27-03-2022 20:49:42 INFO  Runer:19 - hitting the url
27-03-2022 20:49:47 INFO  Nobrokermain:19 - clicking on Rent
27-03-2022 20:49:47 INFO  Nobrokermain:19 - selecting the location dropdown
27-03-2022 20:49:47 INFO  Nobrokermain:19 - selecting the chennai location
27-03-2022 20:49:47 INFO  Nobrokermain:19 - clicking on availbility
27-03-2022 20:49:50 INFO  Nobrokermain:19 - clicking on apartment type dropdown
27-03-2022 20:49:50 INFO  Nobrokermain:19 - selecting the apartment types 2BHk 3BHK
27-03-2022 20:49:50 INFO  Nobrokermain:19 - clicking on search
27-03-2022 20:49:50 INFO  Nobrokermain:19 - sending the information pondybazar
27-03-2022 20:49:52 INFO  Nobrokermain:19 - sending the information velacherry
27-03-2022 20:50:01 INFO  Runer:19 - loading the driver 
27-03-2022 20:50:01 INFO  Runer:19 - hitting the url
27-03-2022 20:50:05 INFO  Nobrokermain:19 - clicking on rental agreement
27-03-2022 20:50:15 INFO  Runer:19 - loading the driver 
27-03-2022 20:50:15 INFO  Runer:19 - hitting the url
27-03-2022 20:50:19 INFO  Nobrokermain:19 - clicking on painting details
27-03-2022 20:50:24 INFO  Runer:19 - loading the driver 
27-03-2022 20:50:24 INFO  Runer:19 - hitting the url
27-03-2022 20:50:29 INFO  Nobrokermain:19 - clicking on referal and earn
27-03-2022 20:50:37 INFO  Runer:19 - loading the driver 
27-03-2022 20:50:37 INFO  Runer:19 - hitting the url
27-03-2022 20:50:41 INFO  Nobrokermain:19 - clicking on Owner plans
27-03-2022 20:50:49 INFO  Runer:19 - loading the driver 
27-03-2022 20:50:49 INFO  Runer:19 - hitting the url
27-03-2022 20:51:04 INFO  Nobrokermain:19 - clicking on Buyer plans
